<?xml version="1.0" encoding="UTF-8"?>
<!-- Generated by org.testng.reporters.JUnitReportReporter -->
<testsuite hostname="DESKTOP-E0D0PPJ" failures="0" tests="1" name="com.qspider.book.TC_DWS_001_Test" time="4.101" errors="0" timestamp="2025-01-29T10:59:30 IST" skipped="0">
  <testcase classname="com.qspider.book.TC_DWS_001_Test" name="clickOnBooks" time="4.101"/>
  <system-out/>
</testsuite> <!-- com.qspider.book.TC_DWS_001_Test -->
